Using pre-set license
Built from '2021.3/staging' branch; Version is '2021.3.6f1 (7da38d85baf6) revision 8233869'; Using compiler version '192829333'; Build Type 'Release'
OS: 'Windows 10  (10.0.19042) 64bit Enterprise' Language: 'en' Physical Memory: 16189 MB
BatchMode: 1, IsHumanControllingUs: 0, StartBugReporterOnCrash: 0, Is64bit: 1, IsPro: 1

COMMAND LINE ARGUMENTS:
C:\Program Files\Unity\Hub\Editor\2021.3.6f1\Editor\Unity.exe
-adb2
-batchMode
-noUpm
-name
AssetImportWorker3
-projectPath
C:/Users/20203477/Documents/GitHub/GMTK-GameJam2022/2D_IsoTilemaps_Project
-logFile
Logs/AssetImportWorker3.log
-srvPort
1142
Successfully changed project path to: C:/Users/20203477/Documents/GitHub/GMTK-GameJam2022/2D_IsoTilemaps_Project
C:/Users/20203477/Documents/GitHub/GMTK-GameJam2022/2D_IsoTilemaps_Project
[UnityMemory] Configuration Parameters - Can be set up in boot.config
    "memorysetup-bucket-allocator-granularity=16"
    "memorysetup-bucket-allocator-bucket-count=8"
    "memorysetup-bucket-allocator-block-size=33554432"
    "memorysetup-bucket-allocator-block-count=8"
    "memorysetup-main-allocator-block-size=16777216"
    "memorysetup-thread-allocator-block-size=16777216"
    "memorysetup-gfx-main-allocator-block-size=16777216"
    "memorysetup-gfx-thread-allocator-block-size=16777216"
    "memorysetup-cache-allocator-block-size=4194304"
    "memorysetup-typetree-allocator-block-size=2097152"
    "memorysetup-profiler-bucket-allocator-granularity=16"
    "memorysetup-profiler-bucket-allocator-bucket-count=8"
    "memorysetup-profiler-bucket-allocator-block-size=33554432"
    "memorysetup-profiler-bucket-allocator-block-count=8"
    "memorysetup-profiler-allocator-block-size=16777216"
    "memorysetup-profiler-editor-allocator-block-size=1048576"
    "memorysetup-temp-allocator-size-main=16777216"
    "memorysetup-job-temp-allocator-block-size=2097152"
    "memorysetup-job-temp-allocator-block-size-background=1048576"
    "memorysetup-job-temp-allocator-reduction-small-platforms=262144"
    "memorysetup-temp-allocator-size-background-worker=32768"
    "memorysetup-temp-allocator-size-job-worker=262144"
    "memorysetup-temp-allocator-size-preload-manager=33554432"
    "memorysetup-temp-allocator-size-nav-mesh-worker=65536"
    "memorysetup-temp-allocator-size-audio-worker=65536"
    "memorysetup-temp-allocator-size-cloud-worker=32768"
    "memorysetup-temp-allocator-size-gi-baking-worker=262144"
    "memorysetup-temp-allocator-size-gfx=262144"
Refreshing native plugins compatible for Editor in 102.42 ms, found 2 plugins.
Preloading 0 native plugins for Editor in 0.00 ms.
Initialize engine version: 2021.3.6f1 (7da38d85baf6)
[Subsystems] Discovering subsystems at path C:/Program Files/Unity/Hub/Editor/2021.3.6f1/Editor/Data/Resources/UnitySubsystems
[Subsystems] Discovering subsystems at path C:/Users/20203477/Documents/GitHub/GMTK-GameJam2022/2D_IsoTilemaps_Project/Assets
GfxDevice: creating device client; threaded=0; jobified=0
Direct3D:
    Version:  Direct3D 11.0 [level 11.1]
    Renderer: NVIDIA Quadro P2000 (ID=0x1cba)
    Vendor:   NVIDIA
    VRAM:     4019 MB
    Driver:   27.21.14.5296
Initialize mono
Mono path[0] = 'C:/Program Files/Unity/Hub/Editor/2021.3.6f1/Editor/Data/Managed'
Mono path[1] = 'C:/Program Files/Unity/Hub/Editor/2021.3.6f1/Editor/Data/MonoBleedingEdge/lib/mono/unityjit-win32'
Mono config path = 'C:/Program Files/Unity/Hub/Editor/2021.3.6f1/Editor/Data/MonoBleedingEdge/etc'
Using monoOptions --debugger-agent=transport=dt_socket,embedding=1,server=y,suspend=n,address=127.0.0.1:56716
Begin MonoManager ReloadAssembly
Registering precompiled unity dll's ...
Register platform support module: C:/Program Files/Unity/Hub/Editor/2021.3.6f1/Editor/Data/PlaybackEngines/WebGLSupport/UnityEditor.WebGL.Extensions.dll
Register platform support module: C:/Program Files/Unity/Hub/Editor/2021.3.6f1/Editor/Data/PlaybackEngines/WindowsStandaloneSupport/UnityEditor.WindowsStandalone.Extensions.dll
Register platform support module: C:/Program Files/Unity/Hub/Editor/2021.3.6f1/Editor/Data/PlaybackEngines/MetroSupport/UnityEditor.UWP.Extensions.dll
Registered in 0.013386 seconds.
Native extension for UWP target not found
Native extension for WindowsStandalone target not found
Native extension for WebGL target not found
Refreshing native plugins compatible for Editor in 65.37 ms, found 2 plugins.
Preloading 0 native plugins for Editor in 0.00 ms.
Mono: successfully reloaded assembly
- Completed reload, in  0.841 seconds
Domain Reload Profiling:
	ReloadAssembly (842ms)
		BeginReloadAssembly (129ms)
			ExecutionOrderSort (0ms)
			DisableScriptedObjects (0ms)
			BackupInstance (0ms)
			ReleaseScriptingObjects (0ms)
			CreateAndSetChildDomain (1ms)
		EndReloadAssembly (560ms)
			LoadAssemblies (125ms)
			RebuildTransferFunctionScriptingTraits (0ms)
			SetupTypeCache (116ms)
			ReleaseScriptCaches (0ms)
			RebuildScriptCaches (31ms)
			SetupLoadedEditorAssemblies (353ms)
				LogAssemblyErrors (0ms)
				InitializePlatformSupportModulesInManaged (14ms)
				SetLoadedEditorAssemblies (0ms)
				RefreshPlugins (66ms)
				BeforeProcessingInitializeOnLoad (2ms)
				ProcessInitializeOnLoadAttributes (202ms)
				ProcessInitializeOnLoadMethodAttributes (70ms)
				AfterProcessingInitializeOnLoad (0ms)
				EditorAssembliesLoaded (0ms)
			ExecutionOrderSort2 (0ms)
			AwakeInstancesAfterBackupRestoration (0ms)
Platform modules already initialized, skipping
Registering precompiled user dll's ...
Registered in 0.008257 seconds.
Begin MonoManager ReloadAssembly
Native extension for UWP target not found
Native extension for WindowsStandalone target not found
Native extension for WebGL target not found
Refreshing native plugins compatible for Editor in 2.02 ms, found 2 plugins.
Preloading 0 native plugins for Editor in 0.00 ms.
Package Manager log level set to [2]
Mono: successfully reloaded assembly
- Completed reload, in  1.622 seconds
Domain Reload Profiling:
	ReloadAssembly (1623ms)
		BeginReloadAssembly (171ms)
			ExecutionOrderSort (0ms)
			DisableScriptedObjects (7ms)
			BackupInstance (0ms)
			ReleaseScriptingObjects (0ms)
			CreateAndSetChildDomain (29ms)
		EndReloadAssembly (1293ms)
			LoadAssemblies (128ms)
			RebuildTransferFunctionScriptingTraits (0ms)
			SetupTypeCache (285ms)
			ReleaseScriptCaches (1ms)
			RebuildScriptCaches (73ms)
			SetupLoadedEditorAssemblies (729ms)
				LogAssemblyErrors (0ms)
				InitializePlatformSupportModulesInManaged (13ms)
				SetLoadedEditorAssemblies (1ms)
				RefreshPlugins (2ms)
				BeforeProcessingInitializeOnLoad (108ms)
				ProcessInitializeOnLoadAttributes (292ms)
				ProcessInitializeOnLoadMethodAttributes (294ms)
				AfterProcessingInitializeOnLoad (18ms)
				EditorAssembliesLoaded (0ms)
			ExecutionOrderSort2 (0ms)
			AwakeInstancesAfterBackupRestoration (16ms)
Platform modules already initialized, skipping
========================================================================
Worker process is ready to serve import requests
Launched and connected shader compiler UnityShaderCompiler.exe after 0.08 seconds
Refreshing native plugins compatible for Editor in 1.17 ms, found 2 plugins.
Preloading 0 native plugins for Editor in 0.00 ms.
Unloading 2343 Unused Serialized files (Serialized files now loaded: 0)
Unloading 58 unused Assets / (56.7 KB). Loaded Objects now: 2778.
Memory consumption went from 90.6 MB to 90.5 MB.
Total: 9.100300 ms (FindLiveObjects: 0.318800 ms CreateObjectMapping: 0.177600 ms MarkObjects: 8.473100 ms  DeleteObjects: 0.129300 ms)

AssetImportParameters requested are different than current active one (requested -> active):
  custom:video-decoder-ogg-theora: a1e56fd34408186e4bbccfd4996cb3dc -> 
  custom:container-muxer-webm: aa71ff27fc2769a1b78a27578f13a17b -> 
  custom:container-demuxer-webm: 4f35f7cbe854078d1ac9338744f61a02 -> 
  custom:video-encoder-webm-vp8: eb34c28f22e8b96e1ab97ce403110664 -> 
  custom:audio-encoder-webm-vorbis: bf7c407c2cedff20999df2af8eb42d56 -> 
  custom:framework-win-MediaFoundation: 216162199b28c13a410421893ffa2e32 -> 
  custom:container-demuxer-ogg: 62fdf1f143b41e24485cea50d1cbac27 -> 
  custom:video-decoder-webm-vp8: 9c59270c3fd7afecdb556c50c9e8de78 -> 
  custom:audio-decoder-ogg-vorbis: bf7c407c2cedff20999df2af8eb42d56 -> 
========================================================================
Received Import Request.
  Time since last request: 350778.466301 seconds.
  path: Assets/Tilemaps/Isometric/Tiles/FrozenMountain/decoration_rock_NW.asset
  artifactKey: Guid(eb8038243c08b6b4f98959ce02e6940b) Importer(815301076,1909f56bfc062723c751e8b465ee728b)
Start importing Assets/Tilemaps/Isometric/Tiles/FrozenMountain/decoration_rock_NW.asset using Guid(eb8038243c08b6b4f98959ce02e6940b) Importer(815301076,1909f56bfc062723c751e8b465ee728b)  -> (artifact id: 'b76f87f6f10e82f2d58e978ac78402ae') in 0.094774 seconds 
========================================================================
Received Import Request.
  Time since last request: 0.000043 seconds.
  path: Assets/Tilemaps/Isometric/Tiles/FrozenMountain/snow_center_4.asset
  artifactKey: Guid(200caf179d0f2c945a563a4d56a86b47) Importer(815301076,1909f56bfc062723c751e8b465ee728b)
Start importing Assets/Tilemaps/Isometric/Tiles/FrozenMountain/snow_center_4.asset using Guid(200caf179d0f2c945a563a4d56a86b47) Importer(815301076,1909f56bfc062723c751e8b465ee728b)  -> (artifact id: '7f9545922fbb96cd16198c79fbaf19f4') in 0.025538 seconds 
========================================================================
Received Import Request.
  Time since last request: 0.000068 seconds.
  path: Assets/Tilemaps/Isometric/Tiles/FrozenMountain/decoration_sword_in_the_stone.asset
  artifactKey: Guid(9e465b054f9fc3549b1748f70fd029ea) Importer(815301076,1909f56bfc062723c751e8b465ee728b)
Start importing Assets/Tilemaps/Isometric/Tiles/FrozenMountain/decoration_sword_in_the_stone.asset using Guid(9e465b054f9fc3549b1748f70fd029ea) Importer(815301076,1909f56bfc062723c751e8b465ee728b)  -> (artifact id: '6bb3efeb28dd0e08e9e8051887fed0a9') in 0.023712 seconds 
========================================================================
Received Import Request.
  Time since last request: 0.000023 seconds.
  path: Assets/Tilemaps/Isometric/Tiles/FrozenMountain/snow_center_2.asset
  artifactKey: Guid(d63f7488664e56c48992caf8e17acae2) Importer(815301076,1909f56bfc062723c751e8b465ee728b)
Start importing Assets/Tilemaps/Isometric/Tiles/FrozenMountain/snow_center_2.asset using Guid(d63f7488664e56c48992caf8e17acae2) Importer(815301076,1909f56bfc062723c751e8b465ee728b)  -> (artifact id: '5f3ff7ac17468909ae53eaf06d79e087') in 0.026656 seconds 
========================================================================
Received Import Request.
  Time since last request: 0.000084 seconds.
  path: Assets/Tilemaps/Isometric/Tiles/FrozenMountain/elevation_snow_center_2.asset
  artifactKey: Guid(caaad7d829060ca4db49883c0644c88f) Importer(815301076,1909f56bfc062723c751e8b465ee728b)
Start importing Assets/Tilemaps/Isometric/Tiles/FrozenMountain/elevation_snow_center_2.asset using Guid(caaad7d829060ca4db49883c0644c88f) Importer(815301076,1909f56bfc062723c751e8b465ee728b)  -> (artifact id: '7f4691ef1a9bcd161b64686a2fc3ee55') in 0.021034 seconds 
========================================================================
Received Import Request.
  Time since last request: 0.000022 seconds.
  path: Assets/Tilemaps/Isometric/Tiles/FrozenMountain/elevation_snow_N_inner.asset
  artifactKey: Guid(2531d7424101a174494b01350106cd25) Importer(815301076,1909f56bfc062723c751e8b465ee728b)
Start importing Assets/Tilemaps/Isometric/Tiles/FrozenMountain/elevation_snow_N_inner.asset using Guid(2531d7424101a174494b01350106cd25) Importer(815301076,1909f56bfc062723c751e8b465ee728b)  -> (artifact id: '95bc9e7719cf819d32719b4ff21268f6') in 0.024540 seconds 
========================================================================
Received Import Request.
  Time since last request: 0.000026 seconds.
  path: Assets/Tilemaps/Isometric/Tiles/FrozenMountain/elevation_snow_NW.asset
  artifactKey: Guid(dbacebcf220cbdc439fb60f41fa0e0a9) Importer(815301076,1909f56bfc062723c751e8b465ee728b)
Start importing Assets/Tilemaps/Isometric/Tiles/FrozenMountain/elevation_snow_NW.asset using Guid(dbacebcf220cbdc439fb60f41fa0e0a9) Importer(815301076,1909f56bfc062723c751e8b465ee728b)  -> (artifact id: '58e93efe8cfc71da8ce85d2b8934b13c') in 0.023773 seconds 
========================================================================
Received Import Request.
  Time since last request: 0.000077 seconds.
  path: Assets/Tilemaps/Isometric/Tiles/FrozenMountain/snow_center_0.asset
  artifactKey: Guid(7ea40e6d6f016774098fcb44d5448a74) Importer(815301076,1909f56bfc062723c751e8b465ee728b)
Start importing Assets/Tilemaps/Isometric/Tiles/FrozenMountain/snow_center_0.asset using Guid(7ea40e6d6f016774098fcb44d5448a74) Importer(815301076,1909f56bfc062723c751e8b465ee728b)  -> (artifact id: 'e1247a35eff901b5abb77f12e33f5ad4') in 0.026005 seconds 
========================================================================
Received Import Request.
  Time since last request: 0.000017 seconds.
  path: Assets/Tilemaps/Isometric/Tiles/FrozenMountain/mountain_0.asset
  artifactKey: Guid(3c47fc45009f80e438d1f1823fc9f853) Importer(815301076,1909f56bfc062723c751e8b465ee728b)
Start importing Assets/Tilemaps/Isometric/Tiles/FrozenMountain/mountain_0.asset using Guid(3c47fc45009f80e438d1f1823fc9f853) Importer(815301076,1909f56bfc062723c751e8b465ee728b)  -> (artifact id: '456ec6952ea60a7be0c102ae528d02d7') in 0.024804 seconds 
========================================================================
Received Import Request.
  Time since last request: 0.000061 seconds.
  path: Assets/Tilemaps/Isometric/Tiles/FrozenMountain/mountain_4.asset
  artifactKey: Guid(12a8f852d06a3334ba205c31649dffdd) Importer(815301076,1909f56bfc062723c751e8b465ee728b)
Start importing Assets/Tilemaps/Isometric/Tiles/FrozenMountain/mountain_4.asset using Guid(12a8f852d06a3334ba205c31649dffdd) Importer(815301076,1909f56bfc062723c751e8b465ee728b)  -> (artifact id: 'd92b52a0e47c15265c167356e848aa24') in 0.024477 seconds 
========================================================================
Received Import Request.
  Time since last request: 0.000079 seconds.
  path: Assets/Tilemaps/Isometric/Tiles/FrozenMountain/snow_center_1.asset
  artifactKey: Guid(31002ac4deb51ff4f83d7ff294a3ae8d) Importer(815301076,1909f56bfc062723c751e8b465ee728b)
Start importing Assets/Tilemaps/Isometric/Tiles/FrozenMountain/snow_center_1.asset using Guid(31002ac4deb51ff4f83d7ff294a3ae8d) Importer(815301076,1909f56bfc062723c751e8b465ee728b)  -> (artifact id: '84d11ef1a17381a33432da554c186577') in 0.021369 seconds 
========================================================================
Received Import Request.
  Time since last request: 0.000109 seconds.
  path: Assets/Tilemaps/Isometric/Tiles/FrozenMountain/elevation_snow_corner_E.asset
  artifactKey: Guid(0fa5919871d12e04d9d07b49e730d8f3) Importer(815301076,1909f56bfc062723c751e8b465ee728b)
Start importing Assets/Tilemaps/Isometric/Tiles/FrozenMountain/elevation_snow_corner_E.asset using Guid(0fa5919871d12e04d9d07b49e730d8f3) Importer(815301076,1909f56bfc062723c751e8b465ee728b)  -> (artifact id: '142b28334287b290ac0be89ef986806d') in 0.019889 seconds 
========================================================================
Received Import Request.
  Time since last request: 1.958644 seconds.
  path: Assets/Tilemaps/Isometric/Tiles/FrozenCave/cave-sliced_03.asset
  artifactKey: Guid(28f591a0916cfc344917a4a429cf4d27) Importer(815301076,1909f56bfc062723c751e8b465ee728b)
Start importing Assets/Tilemaps/Isometric/Tiles/FrozenCave/cave-sliced_03.asset using Guid(28f591a0916cfc344917a4a429cf4d27) Importer(815301076,1909f56bfc062723c751e8b465ee728b)  -> (artifact id: '7ca97008a938ebb802048a43308bb802') in 0.015921 seconds 
========================================================================
Received Import Request.
  Time since last request: 0.000026 seconds.
  path: Assets/Tilemaps/Isometric/Tiles/FrozenCave/cave-sliced_10.asset
  artifactKey: Guid(284952e02d0a4c44c9b0c6cf0f3d38f0) Importer(815301076,1909f56bfc062723c751e8b465ee728b)
Start importing Assets/Tilemaps/Isometric/Tiles/FrozenCave/cave-sliced_10.asset using Guid(284952e02d0a4c44c9b0c6cf0f3d38f0) Importer(815301076,1909f56bfc062723c751e8b465ee728b)  -> (artifact id: '270b2cc7a1d0763efd32330272a8b0f5') in 0.020673 seconds 
========================================================================
Received Import Request.
  Time since last request: 0.000029 seconds.
  path: Assets/Tilemaps/Isometric/Tiles/FrozenCave/cave-sliced_19.asset
  artifactKey: Guid(ce657ece4e3dc4741bb176556544e592) Importer(815301076,1909f56bfc062723c751e8b465ee728b)
Start importing Assets/Tilemaps/Isometric/Tiles/FrozenCave/cave-sliced_19.asset using Guid(ce657ece4e3dc4741bb176556544e592) Importer(815301076,1909f56bfc062723c751e8b465ee728b)  -> (artifact id: 'a7c2e0ca0d95c63e27c02e815e14593e') in 0.019106 seconds 
========================================================================
Received Import Request.
  Time since last request: 0.000025 seconds.
  path: Assets/Tilemaps/Isometric/Tiles/FrozenCave/cave-sliced_26.asset
  artifactKey: Guid(53828f7678b65d04894601c134424db8) Importer(815301076,1909f56bfc062723c751e8b465ee728b)
Start importing Assets/Tilemaps/Isometric/Tiles/FrozenCave/cave-sliced_26.asset using Guid(53828f7678b65d04894601c134424db8) Importer(815301076,1909f56bfc062723c751e8b465ee728b)  -> (artifact id: '2428fe0a290fbeee5155f3d11897116f') in 0.021200 seconds 
========================================================================
Received Import Request.
  Time since last request: 0.000029 seconds.
  path: Assets/Tilemaps/Isometric/Tiles/FrozenCave/cave-sliced_37.asset
  artifactKey: Guid(2c42013d39324864992fdab5beec008b) Importer(815301076,1909f56bfc062723c751e8b465ee728b)
Start importing Assets/Tilemaps/Isometric/Tiles/FrozenCave/cave-sliced_37.asset using Guid(2c42013d39324864992fdab5beec008b) Importer(815301076,1909f56bfc062723c751e8b465ee728b)  -> (artifact id: '7bf08f4e329a7d1b911d59612a4c5fa0') in 0.029304 seconds 
========================================================================
Received Import Request.
  Time since last request: 0.000035 seconds.
  path: Assets/Tilemaps/Isometric/Tiles/FrozenCave/cave-sliced_22.asset
  artifactKey: Guid(951d4258fc70a514f896323d780d5d3c) Importer(815301076,1909f56bfc062723c751e8b465ee728b)
Start importing Assets/Tilemaps/Isometric/Tiles/FrozenCave/cave-sliced_22.asset using Guid(951d4258fc70a514f896323d780d5d3c) Importer(815301076,1909f56bfc062723c751e8b465ee728b)  -> (artifact id: 'e12b2caf99c010049dc5f39d5c68bd80') in 0.024626 seconds 
========================================================================
Received Import Request.
  Time since last request: 0.000080 seconds.
  path: Assets/Tilemaps/Isometric/Tiles/FrozenCave/cave-sliced_17.asset
  artifactKey: Guid(9d7dce2c750fcda49b66381f845ecfeb) Importer(815301076,1909f56bfc062723c751e8b465ee728b)
Start importing Assets/Tilemaps/Isometric/Tiles/FrozenCave/cave-sliced_17.asset using Guid(9d7dce2c750fcda49b66381f845ecfeb) Importer(815301076,1909f56bfc062723c751e8b465ee728b)  -> (artifact id: 'efc44136553026ae0e571c84e55ee0d8') in 0.016326 seconds 
========================================================================
Received Import Request.
  Time since last request: 0.000037 seconds.
  path: Assets/Tilemaps/Isometric/Tiles/FrozenCave/cave-sliced_36.asset
  artifactKey: Guid(0bfbf455573f42c47a05de9e879cdfd4) Importer(815301076,1909f56bfc062723c751e8b465ee728b)
Start importing Assets/Tilemaps/Isometric/Tiles/FrozenCave/cave-sliced_36.asset using Guid(0bfbf455573f42c47a05de9e879cdfd4) Importer(815301076,1909f56bfc062723c751e8b465ee728b)  -> (artifact id: '4b2d20e8b8f285a4c5b7d024f0325bfe') in 0.026468 seconds 
========================================================================
Received Import Request.
  Time since last request: 0.000058 seconds.
  path: Assets/Tilemaps/Isometric/Tiles/FrozenCave/cave-sliced_25.asset
  artifactKey: Guid(4062fba7bbe34ae40bbbb4da43ce0f3b) Importer(815301076,1909f56bfc062723c751e8b465ee728b)
Start importing Assets/Tilemaps/Isometric/Tiles/FrozenCave/cave-sliced_25.asset using Guid(4062fba7bbe34ae40bbbb4da43ce0f3b) Importer(815301076,1909f56bfc062723c751e8b465ee728b)  -> (artifact id: 'cc5e8c5b61eb1c969f3b973dd796b52f') in 0.017464 seconds 
========================================================================
Received Import Request.
  Time since last request: 0.000025 seconds.
  path: Assets/Tilemaps/Isometric/Tiles/FrozenCave/cave-sliced_06.asset
  artifactKey: Guid(0100367c358e0ab45ab344038e0a935e) Importer(815301076,1909f56bfc062723c751e8b465ee728b)
Start importing Assets/Tilemaps/Isometric/Tiles/FrozenCave/cave-sliced_06.asset using Guid(0100367c358e0ab45ab344038e0a935e) Importer(815301076,1909f56bfc062723c751e8b465ee728b)  -> (artifact id: '7c4b7fd62ea7a29fe850433fc791f47f') in 0.017720 seconds 
========================================================================
Received Import Request.
  Time since last request: 0.000056 seconds.
  path: Assets/Tilemaps/Isometric/Tiles/FrozenCave/cave-sliced_16.asset
  artifactKey: Guid(a5819e01dce754243909e81cf0e456b2) Importer(815301076,1909f56bfc062723c751e8b465ee728b)
Start importing Assets/Tilemaps/Isometric/Tiles/FrozenCave/cave-sliced_16.asset using Guid(a5819e01dce754243909e81cf0e456b2) Importer(815301076,1909f56bfc062723c751e8b465ee728b)  -> (artifact id: '125c396e8703735ca2ce9d3fc30ad320') in 0.023470 seconds 
========================================================================
Received Import Request.
  Time since last request: 0.000049 seconds.
  path: Assets/Tilemaps/Isometric/Tiles/FrozenCave/cave-sliced_34.asset
  artifactKey: Guid(6d66cc312b941954a91f3258223989a0) Importer(815301076,1909f56bfc062723c751e8b465ee728b)
Start importing Assets/Tilemaps/Isometric/Tiles/FrozenCave/cave-sliced_34.asset using Guid(6d66cc312b941954a91f3258223989a0) Importer(815301076,1909f56bfc062723c751e8b465ee728b)  -> (artifact id: '3fdf94a1a25c44731044832aa122857a') in 0.026917 seconds 
========================================================================
Received Import Request.
  Time since last request: 0.000028 seconds.
  path: Assets/Tilemaps/Isometric/Tiles/FrozenCave/cave-sliced_12.asset
  artifactKey: Guid(ff904b115c5b4c545b2f075dfc8fc3d8) Importer(815301076,1909f56bfc062723c751e8b465ee728b)
Start importing Assets/Tilemaps/Isometric/Tiles/FrozenCave/cave-sliced_12.asset using Guid(ff904b115c5b4c545b2f075dfc8fc3d8) Importer(815301076,1909f56bfc062723c751e8b465ee728b)  -> (artifact id: '91c2d7b88c427f3c463486992f9b4530') in 0.024768 seconds 
========================================================================
Received Import Request.
  Time since last request: 138.707155 seconds.
  path: Assets/Tilemaps/TilemapMaterials/TilemapColliderMaterial.mat
  artifactKey: Guid(bb4385f4a2462447bb4066e97f17aa7c) Importer(815301076,1909f56bfc062723c751e8b465ee728b)
Start importing Assets/Tilemaps/TilemapMaterials/TilemapColliderMaterial.mat using Guid(bb4385f4a2462447bb4066e97f17aa7c) Importer(815301076,1909f56bfc062723c751e8b465ee728b)  -> (artifact id: '7281a704252829581fb5138e28a3cb57') in 0.078565 seconds 
========================================================================
Received Import Request.
  Time since last request: 0.347815 seconds.
  path: Assets/Tilemaps/Isometric/Tiles/Plains/plains-sliced_02.asset
  artifactKey: Guid(3c928fa146e2be4448b5d8078eb74792) Importer(815301076,1909f56bfc062723c751e8b465ee728b)
Start importing Assets/Tilemaps/Isometric/Tiles/Plains/plains-sliced_02.asset using Guid(3c928fa146e2be4448b5d8078eb74792) Importer(815301076,1909f56bfc062723c751e8b465ee728b)  -> (artifact id: '18340889b53760c968c4f1be0489cb1c') in 0.015724 seconds 
========================================================================
Received Import Request.
  Time since last request: 0.000024 seconds.
  path: Assets/Tilemaps/Isometric/Tiles/Plains/plains-sliced_03.asset
  artifactKey: Guid(ad895555da0772d438f3db9cc46f2299) Importer(815301076,1909f56bfc062723c751e8b465ee728b)
Start importing Assets/Tilemaps/Isometric/Tiles/Plains/plains-sliced_03.asset using Guid(ad895555da0772d438f3db9cc46f2299) Importer(815301076,1909f56bfc062723c751e8b465ee728b)  -> (artifact id: '70b5367f373ccc67f936dd39e6af27b3') in 0.016644 seconds 
========================================================================
Received Import Request.
  Time since last request: 0.000039 seconds.
  path: Assets/Tilemaps/Isometric/Tiles/Plains/plains-sliced_13.asset
  artifactKey: Guid(e3ee007953f1dd14fb430d4a9a8e517b) Importer(815301076,1909f56bfc062723c751e8b465ee728b)
Start importing Assets/Tilemaps/Isometric/Tiles/Plains/plains-sliced_13.asset using Guid(e3ee007953f1dd14fb430d4a9a8e517b) Importer(815301076,1909f56bfc062723c751e8b465ee728b)  -> (artifact id: '417f80efcaefff8d90107f0025a288db') in 0.022705 seconds 
========================================================================
Received Import Request.
  Time since last request: 0.000038 seconds.
  path: Assets/Tilemaps/Isometric/Tiles/Plains/plains-sliced_35.asset
  artifactKey: Guid(de735841096b64b489a1ca1a3b816ca3) Importer(815301076,1909f56bfc062723c751e8b465ee728b)
Start importing Assets/Tilemaps/Isometric/Tiles/Plains/plains-sliced_35.asset using Guid(de735841096b64b489a1ca1a3b816ca3) Importer(815301076,1909f56bfc062723c751e8b465ee728b)  -> (artifact id: '00c2582f462b011827c56245bf7a37f2') in 0.032939 seconds 
========================================================================
Received Import Request.
  Time since last request: 0.000183 seconds.
  path: Assets/Tilemaps/Isometric/Tiles/Plains/plains-sliced_29.asset
  artifactKey: Guid(274b7d1e597c1f848b33c9238e8d0769) Importer(815301076,1909f56bfc062723c751e8b465ee728b)
Start importing Assets/Tilemaps/Isometric/Tiles/Plains/plains-sliced_29.asset using Guid(274b7d1e597c1f848b33c9238e8d0769) Importer(815301076,1909f56bfc062723c751e8b465ee728b)  -> (artifact id: '89bbcf7ed3194615bc8470451acbd449') in 0.027887 seconds 
========================================================================
Received Import Request.
  Time since last request: 0.000020 seconds.
  path: Assets/Tilemaps/Isometric/Tiles/Plains/plains-sliced_28.asset
  artifactKey: Guid(9c4ddc899c83d584e831c38eadafdda7) Importer(815301076,1909f56bfc062723c751e8b465ee728b)
Start importing Assets/Tilemaps/Isometric/Tiles/Plains/plains-sliced_28.asset using Guid(9c4ddc899c83d584e831c38eadafdda7) Importer(815301076,1909f56bfc062723c751e8b465ee728b)  -> (artifact id: 'c10989c2b8359ef6f08e5ee29b4f8f9f') in 0.023437 seconds 
========================================================================
Received Import Request.
  Time since last request: 0.000029 seconds.
  path: Assets/Tilemaps/Isometric/Tiles/Plains/plains-sliced_30.asset
  artifactKey: Guid(bb560fddb7d190b4ba9edc46f7c7bf07) Importer(815301076,1909f56bfc062723c751e8b465ee728b)
Start importing Assets/Tilemaps/Isometric/Tiles/Plains/plains-sliced_30.asset using Guid(bb560fddb7d190b4ba9edc46f7c7bf07) Importer(815301076,1909f56bfc062723c751e8b465ee728b)  -> (artifact id: '6a0955c63faffb73426f22f4ace2ddb4') in 0.024270 seconds 
========================================================================
Received Import Request.
  Time since last request: 0.000023 seconds.
  path: Assets/Tilemaps/Isometric/Tiles/Plains/plains-sliced_11.asset
  artifactKey: Guid(533a62b3bef8cec46b724016a3f8c65e) Importer(815301076,1909f56bfc062723c751e8b465ee728b)
Start importing Assets/Tilemaps/Isometric/Tiles/Plains/plains-sliced_11.asset using Guid(533a62b3bef8cec46b724016a3f8c65e) Importer(815301076,1909f56bfc062723c751e8b465ee728b)  -> (artifact id: 'cc7355c2e71d4f5aeb672c7bcfc71aa8') in 0.020074 seconds 
========================================================================
Received Import Request.
  Time since last request: 0.000023 seconds.
  path: Assets/Tilemaps/Isometric/Tiles/Plains/plains-sliced_33.asset
  artifactKey: Guid(6f2da3cfb81375a4e8ca6c351947f677) Importer(815301076,1909f56bfc062723c751e8b465ee728b)
Start importing Assets/Tilemaps/Isometric/Tiles/Plains/plains-sliced_33.asset using Guid(6f2da3cfb81375a4e8ca6c351947f677) Importer(815301076,1909f56bfc062723c751e8b465ee728b)  -> (artifact id: 'd94567437b46599dd0d34c3750e17452') in 0.021311 seconds 
========================================================================
Received Import Request.
  Time since last request: 0.000053 seconds.
  path: Assets/Tilemaps/Isometric/Tiles/Plains/plains-sliced_31.asset
  artifactKey: Guid(b67982634cf29cf47b4068deb82e4e0e) Importer(815301076,1909f56bfc062723c751e8b465ee728b)
Start importing Assets/Tilemaps/Isometric/Tiles/Plains/plains-sliced_31.asset using Guid(b67982634cf29cf47b4068deb82e4e0e) Importer(815301076,1909f56bfc062723c751e8b465ee728b)  -> (artifact id: 'e25eca06bfb4298ca74d8c5e654e6991') in 0.020585 seconds 
========================================================================
Received Import Request.
  Time since last request: 0.000091 seconds.
  path: Assets/Tilemaps/Isometric/Tiles/Plains/plains-sliced_21.asset
  artifactKey: Guid(b59e06d4f3e632842898fa3e7c99fae9) Importer(815301076,1909f56bfc062723c751e8b465ee728b)
Start importing Assets/Tilemaps/Isometric/Tiles/Plains/plains-sliced_21.asset using Guid(b59e06d4f3e632842898fa3e7c99fae9) Importer(815301076,1909f56bfc062723c751e8b465ee728b)  -> (artifact id: 'f31d122c71d0ee3eb341c87a1dd14c2d') in 0.020522 seconds 
========================================================================
Received Import Request.
  Time since last request: 0.000039 seconds.
  path: Assets/Tilemaps/Isometric/Tiles/Plains/plains-sliced_12.asset
  artifactKey: Guid(46cc493a3563a96499750e941cf17816) Importer(815301076,1909f56bfc062723c751e8b465ee728b)
Start importing Assets/Tilemaps/Isometric/Tiles/Plains/plains-sliced_12.asset using Guid(46cc493a3563a96499750e941cf17816) Importer(815301076,1909f56bfc062723c751e8b465ee728b)  -> (artifact id: '43a9ee5206cb9370089a99747d572f6b') in 0.020806 seconds 
========================================================================
Received Import Request.
  Time since last request: 0.000036 seconds.
  path: Assets/Tilemaps/Isometric/Tiles/Plains/plains-sliced_26.asset
  artifactKey: Guid(8d347031fc1a323408a63a969bbb1024) Importer(815301076,1909f56bfc062723c751e8b465ee728b)
Start importing Assets/Tilemaps/Isometric/Tiles/Plains/plains-sliced_26.asset using Guid(8d347031fc1a323408a63a969bbb1024) Importer(815301076,1909f56bfc062723c751e8b465ee728b)  -> (artifact id: 'a460c27dffe91079c5d8f2067deb64d8') in 0.020800 seconds 
========================================================================
Received Import Request.
  Time since last request: 0.000029 seconds.
  path: Assets/Tilemaps/Isometric/Tiles/Plains/plains-sliced_40.asset
  artifactKey: Guid(99e41978d48ab9e45bcaedeeb38f1336) Importer(815301076,1909f56bfc062723c751e8b465ee728b)
Start importing Assets/Tilemaps/Isometric/Tiles/Plains/plains-sliced_40.asset using Guid(99e41978d48ab9e45bcaedeeb38f1336) Importer(815301076,1909f56bfc062723c751e8b465ee728b)  -> (artifact id: '2ac51a572767f5d2ca8fb781c886b853') in 0.022975 seconds 
========================================================================
Received Import Request.
  Time since last request: 0.000053 seconds.
  path: Assets/Tilemaps/Isometric/Tiles/Plains/plains-sliced_32.asset
  artifactKey: Guid(6e4ca944a5f206446827512a2ebe4d9d) Importer(815301076,1909f56bfc062723c751e8b465ee728b)
Start importing Assets/Tilemaps/Isometric/Tiles/Plains/plains-sliced_32.asset using Guid(6e4ca944a5f206446827512a2ebe4d9d) Importer(815301076,1909f56bfc062723c751e8b465ee728b)  -> (artifact id: 'c92c9a4279b3d9b23192fe2499b9ceb6') in 0.021289 seconds 
========================================================================
Received Import Request.
  Time since last request: 0.000046 seconds.
  path: Assets/Tilemaps/Isometric/Tiles/Plains/plains-sliced_04.asset
  artifactKey: Guid(913f26059236e77418f3bc27a4690cda) Importer(815301076,1909f56bfc062723c751e8b465ee728b)
Start importing Assets/Tilemaps/Isometric/Tiles/Plains/plains-sliced_04.asset using Guid(913f26059236e77418f3bc27a4690cda) Importer(815301076,1909f56bfc062723c751e8b465ee728b)  -> (artifact id: '0aad3f821bf7070c011350a7d78faa8c') in 0.026875 seconds 
========================================================================
Received Import Request.
  Time since last request: 0.000033 seconds.
  path: Assets/Tilemaps/Isometric/Tiles/Plains/plains-sliced_22.asset
  artifactKey: Guid(f89ec1f3e26bfa84a86556ed7cf8e905) Importer(815301076,1909f56bfc062723c751e8b465ee728b)
Start importing Assets/Tilemaps/Isometric/Tiles/Plains/plains-sliced_22.asset using Guid(f89ec1f3e26bfa84a86556ed7cf8e905) Importer(815301076,1909f56bfc062723c751e8b465ee728b)  -> (artifact id: 'df1f7cdc8aab68294ea1e3980a9fe12b') in 0.025243 seconds 
========================================================================
Received Import Request.
  Time since last request: 0.000022 seconds.
  path: Assets/Tilemaps/Isometric/Tiles/Plains/plains-sliced_38.asset
  artifactKey: Guid(fe27cee0af5078e409820a4a69108204) Importer(815301076,1909f56bfc062723c751e8b465ee728b)
Start importing Assets/Tilemaps/Isometric/Tiles/Plains/plains-sliced_38.asset using Guid(fe27cee0af5078e409820a4a69108204) Importer(815301076,1909f56bfc062723c751e8b465ee728b)  -> (artifact id: 'a6f4bfecaacb3550005bff9898daac7f') in 0.024025 seconds 
========================================================================
Received Import Request.
  Time since last request: 0.000020 seconds.
  path: Assets/Tilemaps/Isometric/Tiles/Plains/plains-sliced_39.asset
  artifactKey: Guid(98af0748e3096ad4f9ddc72630fe04f1) Importer(815301076,1909f56bfc062723c751e8b465ee728b)
Start importing Assets/Tilemaps/Isometric/Tiles/Plains/plains-sliced_39.asset using Guid(98af0748e3096ad4f9ddc72630fe04f1) Importer(815301076,1909f56bfc062723c751e8b465ee728b)  -> (artifact id: '62a17fb5274d7f4683a91c9e703ce7bf') in 0.023933 seconds 
========================================================================
Received Import Request.
  Time since last request: 0.000096 seconds.
  path: Assets/Tilemaps/Isometric/Tiles/Plains/plains-sliced_23.asset
  artifactKey: Guid(979123f2552772943b5461df91af3439) Importer(815301076,1909f56bfc062723c751e8b465ee728b)
Start importing Assets/Tilemaps/Isometric/Tiles/Plains/plains-sliced_23.asset using Guid(979123f2552772943b5461df91af3439) Importer(815301076,1909f56bfc062723c751e8b465ee728b)  -> (artifact id: 'ab4d099374cbf862496c4bf14f4e01b8') in 0.031415 seconds 
========================================================================
Received Import Request.
  Time since last request: 0.626378 seconds.
  path: Assets/Tilemaps/Isometric/Tiles/Temple/molten_cornerN_0.asset
  artifactKey: Guid(2078d66f358de5246b65d3ea0a69555d) Importer(815301076,1909f56bfc062723c751e8b465ee728b)
Start importing Assets/Tilemaps/Isometric/Tiles/Temple/molten_cornerN_0.asset using Guid(2078d66f358de5246b65d3ea0a69555d) Importer(815301076,1909f56bfc062723c751e8b465ee728b)  -> (artifact id: '4bc6ea9969b62e487150ce5a48463f29') in 0.016449 seconds 
========================================================================
Received Import Request.
  Time since last request: 0.000018 seconds.
  path: Assets/Tilemaps/Isometric/Tiles/Temple/temple-sliced_15.asset
  artifactKey: Guid(306df38868b46ce42b8a391bbeb6e629) Importer(815301076,1909f56bfc062723c751e8b465ee728b)
Start importing Assets/Tilemaps/Isometric/Tiles/Temple/temple-sliced_15.asset using Guid(306df38868b46ce42b8a391bbeb6e629) Importer(815301076,1909f56bfc062723c751e8b465ee728b)  -> (artifact id: '1380e90b68eb16babaac545945a44f13') in 0.019292 seconds 
========================================================================
Received Import Request.
  Time since last request: 0.000026 seconds.
  path: Assets/Tilemaps/Isometric/Tiles/Temple/temple-sliced_20.asset
  artifactKey: Guid(2007a760b018ff74ab3fdc5c3ac05aba) Importer(815301076,1909f56bfc062723c751e8b465ee728b)
Start importing Assets/Tilemaps/Isometric/Tiles/Temple/temple-sliced_20.asset using Guid(2007a760b018ff74ab3fdc5c3ac05aba) Importer(815301076,1909f56bfc062723c751e8b465ee728b)  -> (artifact id: '86bdfb59b6f4590e409a5ed6aa36afd6') in 0.015066 seconds 
========================================================================
Received Import Request.
  Time since last request: 0.000030 seconds.
  path: Assets/Tilemaps/Isometric/Tiles/Temple/temple-sliced_04.asset
  artifactKey: Guid(26551b28df3e9ef488e948a3cda15766) Importer(815301076,1909f56bfc062723c751e8b465ee728b)
Start importing Assets/Tilemaps/Isometric/Tiles/Temple/temple-sliced_04.asset using Guid(26551b28df3e9ef488e948a3cda15766) Importer(815301076,1909f56bfc062723c751e8b465ee728b)  -> (artifact id: '5338aabc532bcbfd9c68b48efd888bb2') in 0.027543 seconds 
========================================================================
Received Import Request.
  Time since last request: 0.000017 seconds.
  path: Assets/Tilemaps/Isometric/Tiles/Temple/molten_NW_0.asset
  artifactKey: Guid(13c8d642a0ccd904aaa37bcd0a3b622f) Importer(815301076,1909f56bfc062723c751e8b465ee728b)
Start importing Assets/Tilemaps/Isometric/Tiles/Temple/molten_NW_0.asset using Guid(13c8d642a0ccd904aaa37bcd0a3b622f) Importer(815301076,1909f56bfc062723c751e8b465ee728b)  -> (artifact id: '409c2d2536987f19c9ef15097f9ae4e7') in 0.023237 seconds 
========================================================================
Received Import Request.
  Time since last request: 0.000026 seconds.
  path: Assets/Tilemaps/Isometric/Tiles/Temple/temple-sliced_11.asset
  artifactKey: Guid(43c82f886538a424b801cb66ba7743d4) Importer(815301076,1909f56bfc062723c751e8b465ee728b)
Start importing Assets/Tilemaps/Isometric/Tiles/Temple/temple-sliced_11.asset using Guid(43c82f886538a424b801cb66ba7743d4) Importer(815301076,1909f56bfc062723c751e8b465ee728b)  -> (artifact id: 'afaa7b316f3d8f6c9cdabbf1e767a874') in 0.021066 seconds 
========================================================================
Received Import Request.
  Time since last request: 0.000129 seconds.
  path: Assets/Tilemaps/Isometric/Tiles/Temple/temple-sliced_16.asset
  artifactKey: Guid(d53d97ba637020f48910c6e085de313d) Importer(815301076,1909f56bfc062723c751e8b465ee728b)
Start importing Assets/Tilemaps/Isometric/Tiles/Temple/temple-sliced_16.asset using Guid(d53d97ba637020f48910c6e085de313d) Importer(815301076,1909f56bfc062723c751e8b465ee728b)  -> (artifact id: '00edaba99f4ce41d8c19e295f8228c59') in 0.024386 seconds 
========================================================================
Received Import Request.
  Time since last request: 0.000116 seconds.
  path: Assets/Tilemaps/Isometric/Tiles/Temple/molten_cornerN_5.asset
  artifactKey: Guid(fc799127cc4fee34a99470c81c1bdec2) Importer(815301076,1909f56bfc062723c751e8b465ee728b)
Start importing Assets/Tilemaps/Isometric/Tiles/Temple/molten_cornerN_5.asset using Guid(fc799127cc4fee34a99470c81c1bdec2) Importer(815301076,1909f56bfc062723c751e8b465ee728b)  -> (artifact id: 'ea8a22041c420a0bdf447fd97be5d9ee') in 0.019027 seconds 
========================================================================
Received Import Request.
  Time since last request: 0.000027 seconds.
  path: Assets/Tilemaps/Isometric/Tiles/Temple/temple-sliced_21.asset
  artifactKey: Guid(d87d1a98c164b284da542308caa64ba0) Importer(815301076,1909f56bfc062723c751e8b465ee728b)
Start importing Assets/Tilemaps/Isometric/Tiles/Temple/temple-sliced_21.asset using Guid(d87d1a98c164b284da542308caa64ba0) Importer(815301076,1909f56bfc062723c751e8b465ee728b)  -> (artifact id: 'dcb5a30dcbc05b1b2736f9079c0b5817') in 0.019219 seconds 
========================================================================
Received Import Request.
  Time since last request: 0.000116 seconds.
  path: Assets/Tilemaps/Isometric/Tiles/Temple/molten_NE_4.asset
  artifactKey: Guid(b3457d4d0313e054e89440a1329a6fa4) Importer(815301076,1909f56bfc062723c751e8b465ee728b)
Start importing Assets/Tilemaps/Isometric/Tiles/Temple/molten_NE_4.asset using Guid(b3457d4d0313e054e89440a1329a6fa4) Importer(815301076,1909f56bfc062723c751e8b465ee728b)  -> (artifact id: '31732da80bdbb7cd98ea2e039e80b476') in 0.016447 seconds 
========================================================================
Received Import Request.
  Time since last request: 0.000084 seconds.
  path: Assets/Tilemaps/Isometric/Tiles/Temple/temple-sliced_12.asset
  artifactKey: Guid(96ae0d9cc53d75c4e89aa8da043b45f6) Importer(815301076,1909f56bfc062723c751e8b465ee728b)
Start importing Assets/Tilemaps/Isometric/Tiles/Temple/temple-sliced_12.asset using Guid(96ae0d9cc53d75c4e89aa8da043b45f6) Importer(815301076,1909f56bfc062723c751e8b465ee728b)  -> (artifact id: 'f7a8755da026b74a2d46fce23490cd0c') in 0.021720 seconds 
========================================================================
Received Import Request.
  Time since last request: 0.000033 seconds.
  path: Assets/Tilemaps/Isometric/Tiles/Temple/molten_cornerN_1.asset
  artifactKey: Guid(71c7b5b54bb591746a9abc97572cb5f3) Importer(815301076,1909f56bfc062723c751e8b465ee728b)
Start importing Assets/Tilemaps/Isometric/Tiles/Temple/molten_cornerN_1.asset using Guid(71c7b5b54bb591746a9abc97572cb5f3) Importer(815301076,1909f56bfc062723c751e8b465ee728b)  -> (artifact id: '9bdcedcb7087d4034785ff1bb920ecd1') in 0.023768 seconds 
========================================================================
Received Import Request.
  Time since last request: 0.000040 seconds.
  path: Assets/Tilemaps/Isometric/Tiles/Temple/molten_NE_5.asset
  artifactKey: Guid(31f9ef5250946dd4598d8f288a65b340) Importer(815301076,1909f56bfc062723c751e8b465ee728b)
Start importing Assets/Tilemaps/Isometric/Tiles/Temple/molten_NE_5.asset using Guid(31f9ef5250946dd4598d8f288a65b340) Importer(815301076,1909f56bfc062723c751e8b465ee728b)  -> (artifact id: 'e544f47fc24cd81172e2736f72e2e8e1') in 0.023824 seconds 
========================================================================
Received Import Request.
  Time since last request: 0.000061 seconds.
  path: Assets/Tilemaps/Isometric/Tiles/Temple/molten_cornerN_3.asset
  artifactKey: Guid(8d8b416adc9dd02498029d3294724728) Importer(815301076,1909f56bfc062723c751e8b465ee728b)
Start importing Assets/Tilemaps/Isometric/Tiles/Temple/molten_cornerN_3.asset using Guid(8d8b416adc9dd02498029d3294724728) Importer(815301076,1909f56bfc062723c751e8b465ee728b)  -> (artifact id: '95e0dc93c3d8ed927db82fc192410791') in 0.021085 seconds 
========================================================================
Received Import Request.
  Time since last request: 0.000059 seconds.
  path: Assets/Tilemaps/Isometric/Tiles/Temple/temple-sliced_01.asset
  artifactKey: Guid(5f7b2ff72f7f71542a52c3dc9f28aa2c) Importer(815301076,1909f56bfc062723c751e8b465ee728b)
Start importing Assets/Tilemaps/Isometric/Tiles/Temple/temple-sliced_01.asset using Guid(5f7b2ff72f7f71542a52c3dc9f28aa2c) Importer(815301076,1909f56bfc062723c751e8b465ee728b)  -> (artifact id: '77200b7090181b297c2577af1bcb6beb') in 0.029102 seconds 
========================================================================
Received Import Request.
  Time since last request: 0.000027 seconds.
  path: Assets/Tilemaps/Isometric/Tiles/Temple/molten_NW_2.asset
  artifactKey: Guid(dbe03ca1cbdbdd341a39ad9a2d1e719a) Importer(815301076,1909f56bfc062723c751e8b465ee728b)
Start importing Assets/Tilemaps/Isometric/Tiles/Temple/molten_NW_2.asset using Guid(dbe03ca1cbdbdd341a39ad9a2d1e719a) Importer(815301076,1909f56bfc062723c751e8b465ee728b)  -> (artifact id: '81b9d1a6c0feaab5dbb47611b830528d') in 0.017862 seconds 
========================================================================
Received Import Request.
  Time since last request: 0.000039 seconds.
  path: Assets/Tilemaps/Isometric/Tiles/Temple/temple-sliced_05.asset
  artifactKey: Guid(0e1729cbf59b452499fc23a9d36e4a82) Importer(815301076,1909f56bfc062723c751e8b465ee728b)
Start importing Assets/Tilemaps/Isometric/Tiles/Temple/temple-sliced_05.asset using Guid(0e1729cbf59b452499fc23a9d36e4a82) Importer(815301076,1909f56bfc062723c751e8b465ee728b)  -> (artifact id: 'fd0aa66bb121b5a33cfd80342abaee1c') in 0.021639 seconds 
========================================================================
Received Import Request.
  Time since last request: 0.000167 seconds.
  path: Assets/Tilemaps/Isometric/Tiles/Temple/molten_NE_1.asset
  artifactKey: Guid(37fc97281a469e149a724449ababfa56) Importer(815301076,1909f56bfc062723c751e8b465ee728b)
Start importing Assets/Tilemaps/Isometric/Tiles/Temple/molten_NE_1.asset using Guid(37fc97281a469e149a724449ababfa56) Importer(815301076,1909f56bfc062723c751e8b465ee728b)  -> (artifact id: '9f884b373b6738dbcaae555e341fb8d4') in 0.023121 seconds 
========================================================================
Received Import Request.
  Time since last request: 0.000030 seconds.
  path: Assets/Tilemaps/Isometric/Tiles/Temple/molten_NE_2.asset
  artifactKey: Guid(67c159b7c19573c46ac9c1dbde8056fd) Importer(815301076,1909f56bfc062723c751e8b465ee728b)
Start importing Assets/Tilemaps/Isometric/Tiles/Temple/molten_NE_2.asset using Guid(67c159b7c19573c46ac9c1dbde8056fd) Importer(815301076,1909f56bfc062723c751e8b465ee728b)  -> (artifact id: 'd2a47e78f4b0705e1debada299209bf6') in 0.023801 seconds 
Editor requested this worker to shutdown with reason: Scaling down because of idle timeout
AssetImportWorker is now disconnected from the server
Process exiting
Exiting without the bug reporter. Application will terminate with return code 0